<?xml version="1.0" encoding="UTF-8"?>
<TestRun id="52901af7-5a02-45c5-9f79-f6dc4505604d" name="Pranay@PRANAY 2014-06-22 00:22:43" runUser="PRANAY\Pranay" xmlns="http://microsoft.com/schemas/VisualStudio/TeamTest/2010">
  <TestSettings name="Local" id="5dcea21d-002d-4cf6-bbf7-137a13555c43">
    <Description>These are default test settings for a local test run.</Description>
    <Deployment enabled="false" runDeploymentRoot="Pranay_PRANAY 2014-06-22 00_22_43" />
    <Execution>
      <TestTypeSpecific />
      <AgentRule name="Execution Agents">
      </AgentRule>
    </Execution>
  </TestSettings>
  <Times creation="2014-06-22T00:22:43.8969914+05:30" queuing="2014-06-22T00:22:44.7318933+05:30" start="2014-06-22T00:22:44.8064433+05:30" finish="2014-06-22T00:22:49.4527847+05:30" />
  <ResultSummary outcome="Completed">
    <Counters total="1" executed="1" passed="1" error="0" failed="0" timeout="0" aborted="0" inconclusive="0" passedButRunAborted="0" notRunnable="0" notExecuted="0" disconnected="0" warning="0" completed="0" inProgress="0" pending="0" />
  </ResultSummary>
  <TestDefinitions>
    <UnitTest name="CodedUITestMethod1" storage="c:\users\pranay sharma\documents\visual studio 2010\projects\testproject2\testproject2\bin\debug\testproject2.dll" id="8381a193-54c0-3048-9308-39513d9c1ed8">
      <Execution id="99832825-9c62-4273-ace1-518c281dc361" />
      <TestMethod codeBase="C:/Users/Pranay Sharma/documents/visual studio 2010/Projects/TestProject2/TestProject2/bin/Debug/TestProject2.DLL" adapterTypeName="Microsoft.VisualStudio.TestTools.TestTypes.Unit.UnitTestAdapter, Microsoft.VisualStudio.QualityTools.Tips.UnitTest.Adapter, Version=10.0.0.0, Culture=neutral, PublicKeyToken=b03f5f7f11d50a3a" className="TestProject2.CodedUITest1, TestProject2, Version=1.0.0.0, Culture=neutral, PublicKeyToken=null" name="CodedUITestMethod1" />
      <Extension>Microsoft.VisualStudio.TestTools.UITesting.CodedUITestAttribute, Microsoft.VisualStudio.QualityTools.CodedUITestFramework, Version=10.0.0.0, Culture=neutral, PublicKeyToken=b03f5f7f11d50a3a</Extension>
    </UnitTest>
  </TestDefinitions>
  <TestLists>
    <TestList name="Results Not in a List" id="8c84fa94-04c1-424b-9868-57a2d4851a1d" />
    <TestList name="All Loaded Results" id="19431567-8539-422a-85d7-44ee4e166bda" />
  </TestLists>
  <TestEntries>
    <TestEntry testId="8381a193-54c0-3048-9308-39513d9c1ed8" executionId="99832825-9c62-4273-ace1-518c281dc361" testListId="8c84fa94-04c1-424b-9868-57a2d4851a1d" />
  </TestEntries>
  <Results>
    <UnitTestResult executionId="99832825-9c62-4273-ace1-518c281dc361" testId="8381a193-54c0-3048-9308-39513d9c1ed8" testName="CodedUITestMethod1" computerName="PRANAY" duration="00:00:03.7385824" startTime="2014-06-22T00:22:44.8509727+05:30" endTime="2014-06-22T00:22:49.3797366+05:30" testType="13cdc9d9-ddb5-4fa4-a97d-d965ccfc6d4b" outcome="Passed" testListId="8c84fa94-04c1-424b-9868-57a2d4851a1d" relativeResultsDirectory="99832825-9c62-4273-ace1-518c281dc361">
      <Output>
        <DebugTrace>E, 9012, 13, 2014/06/22, 00:22:47.017, 11416365618, QTAgent32.exe, LoadLibrary() : Unable to find the resource 37382 from assembly C:\WINDOWS\system32\en-US\ieframe.dll.mui: Error1814
E, 9012, 13, 2014/06/22, 00:22:47.020, 11416370270, QTAgent32.exe, LoadLibrary() : Unable to find the resource 41728 from assembly C:\WINDOWS\system32\en-US\ieframe.dll.mui: Error1814
E, 9012, 13, 2014/06/22, 00:22:47.021, 11416372762, QTAgent32.exe, LoadLibrary() : Unable to find the resource 8131 from assembly C:\WINDOWS\system32\en-US\ieframe.dll.mui: Error1814
E, 9012, 13, 2014/06/22, 00:22:47.022, 11416375198, QTAgent32.exe, LoadLibrary() : Unable to find the resource 8131 from assembly C:\WINDOWS\system32\en-US\ieframe.dll.mui: Error1814
E, 9012, 13, 2014/06/22, 00:22:47.024, 11416378682, QTAgent32.exe, LoadLibrary() : Unable to find the resource 8131 from assembly C:\WINDOWS\system32\en-US\ieframe.dll.mui: Error1814
E, 9012, 13, 2014/06/22, 00:22:47.448, 11417121655, QTAgent32.exe, LoadLibrary() : Unable to find the resource 803 from assembly C:\WINDOWS\system32\en-US\user32.dll.mui: Error1814
W, 9012, 13, 2014/06/22, 00:22:48.307, 11418626536, QTAgent32.exe, &lt;a class=success&gt;Playback - {1} [SUCCESS] SetValueAsEditBox "helloworld" - "[MSAA, VisibleOnly]ControlType='Edit'"  &lt; Set via SendKeys &gt;
\0&lt;/a&gt;
W, 9012, 13, 2014/06/22, 00:22:48.749, 11419402269, QTAgent32.exe, &lt;a class=success&gt;Playback - {2} [SUCCESS] MouseButtonClick - "[MSAA, VisibleOnly]ControlType='Button' &amp;&amp; Name='button1010'"
\0&lt;/a&gt;
W, 9012, 13, 2014/06/22, 00:22:49.206, 11420205367, QTAgent32.exe, &lt;a class=success&gt;Playback - {3} [SUCCESS] MouseButtonClick - "[MSAA, VisibleOnly]ControlType='Button' &amp;&amp; Name='Close'"
\0&lt;/a&gt;
W, 9012, 13, 2014/06/22, 00:22:49.365, 11420482807, QTAgent32.exe, IEDOM : StopSession of the plugin called before StartSession
W, 9012, 13, 2014/06/22, 00:22:49.366, 11420484195, QTAgent32.exe, UIA : StopSession of the plugin called before StartSession
</DebugTrace>
      </Output>
    </UnitTestResult>
  </Results>
</TestRun>