<?xml version="1.0" encoding="UTF-8"?>
<TestRun id="89315688-5e0c-467a-85ef-8742ef3daaf7" name="Pranay@PRANAY 2014-06-23 11:29:03" runUser="PRANAY\Pranay" xmlns="http://microsoft.com/schemas/VisualStudio/TeamTest/2010">
  <TestSettings name="Local" id="5dcea21d-002d-4cf6-bbf7-137a13555c43">
    <Description>These are default test settings for a local test run.</Description>
    <Deployment enabled="false" runDeploymentRoot="Pranay_PRANAY 2014-06-23 11_29_03" />
    <Execution>
      <TestTypeSpecific />
      <AgentRule name="Execution Agents">
      </AgentRule>
    </Execution>
  </TestSettings>
  <Times creation="2014-06-23T11:29:03.6956307+05:30" queuing="2014-06-23T11:29:05.5171623+05:30" start="2014-06-23T11:29:05.5716990+05:30" finish="2014-06-23T11:29:12.0855410+05:30" />
  <ResultSummary outcome="Completed">
    <Counters total="1" executed="1" passed="1" error="0" failed="0" timeout="0" aborted="0" inconclusive="0" passedButRunAborted="0" notRunnable="0" notExecuted="0" disconnected="0" warning="0" completed="0" inProgress="0" pending="0" />
  </ResultSummary>
  <TestDefinitions>
    <UnitTest name="CodedUITestMethod1" storage="c:\users\pranay sharma\documents\visual studio 2010\projects\testproject2\testproject2\bin\debug\testproject2.dll" id="8381a193-54c0-3048-9308-39513d9c1ed8">
      <Execution id="03efa3cf-7213-4f69-94fe-7316638f9262" />
      <TestMethod codeBase="C:/Users/Pranay Sharma/documents/visual studio 2010/Projects/TestProject2/TestProject2/bin/Debug/TestProject2.DLL" adapterTypeName="Microsoft.VisualStudio.TestTools.TestTypes.Unit.UnitTestAdapter, Microsoft.VisualStudio.QualityTools.Tips.UnitTest.Adapter, Version=10.0.0.0, Culture=neutral, PublicKeyToken=b03f5f7f11d50a3a" className="TestProject2.CodedUITest1, TestProject2, Version=1.0.0.0, Culture=neutral, PublicKeyToken=null" name="CodedUITestMethod1" />
      <Extension>Microsoft.VisualStudio.TestTools.UITesting.CodedUITestAttribute, Microsoft.VisualStudio.QualityTools.CodedUITestFramework, Version=10.0.0.0, Culture=neutral, PublicKeyToken=b03f5f7f11d50a3a</Extension>
    </UnitTest>
  </TestDefinitions>
  <TestLists>
    <TestList name="Results Not in a List" id="8c84fa94-04c1-424b-9868-57a2d4851a1d" />
    <TestList name="All Loaded Results" id="19431567-8539-422a-85d7-44ee4e166bda" />
  </TestLists>
  <TestEntries>
    <TestEntry testId="8381a193-54c0-3048-9308-39513d9c1ed8" executionId="03efa3cf-7213-4f69-94fe-7316638f9262" testListId="8c84fa94-04c1-424b-9868-57a2d4851a1d" />
  </TestEntries>
  <Results>
    <UnitTestResult executionId="03efa3cf-7213-4f69-94fe-7316638f9262" testId="8381a193-54c0-3048-9308-39513d9c1ed8" testName="CodedUITestMethod1" computerName="PRANAY" duration="00:00:05.5066411" startTime="2014-06-23T11:29:05.6102244+05:30" endTime="2014-06-23T11:29:11.9994830+05:30" testType="13cdc9d9-ddb5-4fa4-a97d-d965ccfc6d4b" outcome="Passed" testListId="8c84fa94-04c1-424b-9868-57a2d4851a1d" relativeResultsDirectory="03efa3cf-7213-4f69-94fe-7316638f9262">
      <Output>
        <DebugTrace>E, 11664, 13, 2014/06/23, 11:29:07.873, 11668644013, QTAgent32.exe, LoadLibrary() : Unable to find the resource 37382 from assembly C:\WINDOWS\system32\en-US\ieframe.dll.mui: Error1814
E, 11664, 13, 2014/06/23, 11:29:07.876, 11668649753, QTAgent32.exe, LoadLibrary() : Unable to find the resource 41728 from assembly C:\WINDOWS\system32\en-US\ieframe.dll.mui: Error1814
E, 11664, 13, 2014/06/23, 11:29:07.878, 11668652790, QTAgent32.exe, LoadLibrary() : Unable to find the resource 8131 from assembly C:\WINDOWS\system32\en-US\ieframe.dll.mui: Error1814
E, 11664, 13, 2014/06/23, 11:29:07.880, 11668655703, QTAgent32.exe, LoadLibrary() : Unable to find the resource 8131 from assembly C:\WINDOWS\system32\en-US\ieframe.dll.mui: Error1814
E, 11664, 13, 2014/06/23, 11:29:07.882, 11668659392, QTAgent32.exe, LoadLibrary() : Unable to find the resource 8131 from assembly C:\WINDOWS\system32\en-US\ieframe.dll.mui: Error1814
E, 11664, 13, 2014/06/23, 11:29:07.884, 11668663381, QTAgent32.exe, LoadLibrary() : Unable to find the resource 803 from assembly C:\WINDOWS\system32\en-US\user32.dll.mui: Error1814
W, 11664, 13, 2014/06/23, 11:29:08.850, 11670357741, QTAgent32.exe, &lt;a class=success&gt;Playback - {1} [SUCCESS] SetValueAsEditBox "hello" - "[MSAA, VisibleOnly]ControlType='Edit'"  &lt; Set via SendKeys &gt;
\0&lt;/a&gt;
W, 11664, 13, 2014/06/23, 11:29:09.692, 11671834434, QTAgent32.exe, &lt;a class=success&gt;Playback - {2} [SUCCESS] MouseButtonClick - "[MSAA, VisibleOnly]ControlType='Edit'"
\0&lt;/a&gt;
W, 11664, 13, 2014/06/23, 11:29:10.914, 11673976714, QTAgent32.exe, &lt;a class=success&gt;Playback - {3} [SUCCESS] SetValueAsEditBox "Second" - "[MSAA, VisibleOnly]ControlType='Edit'"  &lt; Set via SendKeys &gt;
\0&lt;/a&gt;
W, 11664, 13, 2014/06/23, 11:29:11.860, 11675636018, QTAgent32.exe, &lt;a class=success&gt;Playback - {4} [SUCCESS] MouseButtonClick - "[MSAA, VisibleOnly]ControlType='Button' &amp;&amp; Name='button1010'"
\0&lt;/a&gt;
W, 11664, 13, 2014/06/23, 11:29:11.981, 11675848192, QTAgent32.exe, IEDOM : StopSession of the plugin called before StartSession
W, 11664, 13, 2014/06/23, 11:29:11.981, 11675849673, QTAgent32.exe, UIA : StopSession of the plugin called before StartSession
</DebugTrace>
      </Output>
    </UnitTestResult>
  </Results>
</TestRun>