<?xml version="1.0" encoding="UTF-8"?>
<TestRun id="4ef2d243-f139-4a04-aa6b-3287e1ae3ffb" name="Pranay@PRANAY 2014-06-20 15:07:44" runUser="PRANAY\Pranay" xmlns="http://microsoft.com/schemas/VisualStudio/TeamTest/2010">
  <TestSettings name="Local" id="5dcea21d-002d-4cf6-bbf7-137a13555c43">
    <Description>These are default test settings for a local test run.</Description>
    <Deployment enabled="false" runDeploymentRoot="Pranay_PRANAY 2014-06-20 15_07_44" />
    <Execution>
      <TestTypeSpecific />
      <AgentRule name="Execution Agents">
      </AgentRule>
    </Execution>
  </TestSettings>
  <Times creation="2014-06-20T15:07:44.1662484+05:30" queuing="2014-06-20T15:07:59.5511266+05:30" start="2014-06-20T15:08:00.1354284+05:30" finish="2014-06-20T15:27:43.6678527+05:30" />
  <ResultSummary outcome="Error">
    <Counters total="1" executed="1" error="0" failed="0" timeout="0" aborted="1" inconclusive="0" passedButRunAborted="0" notRunnable="0" notExecuted="0" disconnected="0" warning="0" passed="0" completed="0" inProgress="0" pending="0" />
    <RunInfos>
      <RunInfo computerName="PRANAY" outcome="Error" timestamp="2014-06-20T15:27:43.6293267+05:30">
        <Text>Test host process exited unexpectedly.</Text>
      </RunInfo>
    </RunInfos>
  </ResultSummary>
  <TestDefinitions>
    <UnitTest name="CodedUITestMethod1" storage="c:\users\pranay sharma\documents\visual studio 2010\projects\testproject2\testproject2\bin\debug\testproject2.dll" id="8381a193-54c0-3048-9308-39513d9c1ed8">
      <Execution id="882e8f9b-4563-42ed-b819-c4d08f90eca5" />
      <TestMethod codeBase="C:/Users/Pranay Sharma/documents/visual studio 2010/Projects/TestProject2/TestProject2/bin/Debug/TestProject2.DLL" adapterTypeName="Microsoft.VisualStudio.TestTools.TestTypes.Unit.UnitTestAdapter, Microsoft.VisualStudio.QualityTools.Tips.UnitTest.Adapter, Version=10.0.0.0, Culture=neutral, PublicKeyToken=b03f5f7f11d50a3a" className="TestProject2.CodedUITest1, TestProject2, Version=1.0.0.0, Culture=neutral, PublicKeyToken=null" name="CodedUITestMethod1" />
      <Extension>Microsoft.VisualStudio.TestTools.UITesting.CodedUITestAttribute, Microsoft.VisualStudio.QualityTools.CodedUITestFramework, Version=10.0.0.0, Culture=neutral, PublicKeyToken=b03f5f7f11d50a3a</Extension>
    </UnitTest>
  </TestDefinitions>
  <TestLists>
    <TestList name="Results Not in a List" id="8c84fa94-04c1-424b-9868-57a2d4851a1d" />
    <TestList name="All Loaded Results" id="19431567-8539-422a-85d7-44ee4e166bda" />
  </TestLists>
  <TestEntries>
    <TestEntry testId="8381a193-54c0-3048-9308-39513d9c1ed8" executionId="882e8f9b-4563-42ed-b819-c4d08f90eca5" testListId="8c84fa94-04c1-424b-9868-57a2d4851a1d" />
  </TestEntries>
  <Results>
    <UnitTestResult executionId="882e8f9b-4563-42ed-b819-c4d08f90eca5" testId="8381a193-54c0-3048-9308-39513d9c1ed8" testName="CodedUITestMethod1" computerName="PRANAY" duration="00:19:42.8971934" startTime="2014-06-20T15:08:00.7326334+05:30" endTime="2014-06-20T15:27:43.6298268+05:30" testType="13cdc9d9-ddb5-4fa4-a97d-d965ccfc6d4b" outcome="Aborted" testListId="8c84fa94-04c1-424b-9868-57a2d4851a1d" relativeResultsDirectory="882e8f9b-4563-42ed-b819-c4d08f90eca5">
    </UnitTestResult>
  </Results>
</TestRun>