<?xml version="1.0" encoding="UTF-8"?>
<TestRun id="8fda40f5-dc36-4442-a60f-322977947b0d" name="Pranay@PRANAY 2014-06-23 10:36:10" runUser="PRANAY\Pranay" xmlns="http://microsoft.com/schemas/VisualStudio/TeamTest/2010">
  <TestSettings name="Local" id="5dcea21d-002d-4cf6-bbf7-137a13555c43">
    <Description>These are default test settings for a local test run.</Description>
    <Deployment enabled="false" runDeploymentRoot="Pranay_PRANAY 2014-06-23 10_36_10" />
    <Execution>
      <TestTypeSpecific />
      <AgentRule name="Execution Agents">
      </AgentRule>
    </Execution>
  </TestSettings>
  <Times creation="2014-06-23T10:36:10.9412319+05:30" queuing="2014-06-23T10:36:11.9855327+05:30" start="2014-06-23T10:36:12.0420701+05:30" finish="2014-06-23T10:36:19.1378189+05:30" />
  <ResultSummary outcome="Completed">
    <Counters total="1" executed="1" passed="1" error="0" failed="0" timeout="0" aborted="0" inconclusive="0" passedButRunAborted="0" notRunnable="0" notExecuted="0" disconnected="0" warning="0" completed="0" inProgress="0" pending="0" />
  </ResultSummary>
  <TestDefinitions>
    <UnitTest name="CodedUITestMethod1" storage="c:\users\pranay sharma\documents\visual studio 2010\projects\testproject2\testproject2\bin\debug\testproject2.dll" id="8381a193-54c0-3048-9308-39513d9c1ed8">
      <Execution id="86749b31-466b-4d9b-9889-d2da5773943b" />
      <TestMethod codeBase="C:/Users/Pranay Sharma/documents/visual studio 2010/Projects/TestProject2/TestProject2/bin/Debug/TestProject2.DLL" adapterTypeName="Microsoft.VisualStudio.TestTools.TestTypes.Unit.UnitTestAdapter, Microsoft.VisualStudio.QualityTools.Tips.UnitTest.Adapter, Version=10.0.0.0, Culture=neutral, PublicKeyToken=b03f5f7f11d50a3a" className="TestProject2.CodedUITest1, TestProject2, Version=1.0.0.0, Culture=neutral, PublicKeyToken=null" name="CodedUITestMethod1" />
      <Extension>Microsoft.VisualStudio.TestTools.UITesting.CodedUITestAttribute, Microsoft.VisualStudio.QualityTools.CodedUITestFramework, Version=10.0.0.0, Culture=neutral, PublicKeyToken=b03f5f7f11d50a3a</Extension>
    </UnitTest>
  </TestDefinitions>
  <TestLists>
    <TestList name="Results Not in a List" id="8c84fa94-04c1-424b-9868-57a2d4851a1d" />
    <TestList name="All Loaded Results" id="19431567-8539-422a-85d7-44ee4e166bda" />
  </TestLists>
  <TestEntries>
    <TestEntry testId="8381a193-54c0-3048-9308-39513d9c1ed8" executionId="86749b31-466b-4d9b-9889-d2da5773943b" testListId="8c84fa94-04c1-424b-9868-57a2d4851a1d" />
  </TestEntries>
  <Results>
    <UnitTestResult executionId="86749b31-466b-4d9b-9889-d2da5773943b" testId="8381a193-54c0-3048-9308-39513d9c1ed8" testName="CodedUITestMethod1" computerName="PRANAY" duration="00:00:06.0174264" startTime="2014-06-23T10:36:12.0825992+05:30" endTime="2014-06-23T10:36:19.0377544+05:30" testType="13cdc9d9-ddb5-4fa4-a97d-d965ccfc6d4b" outcome="Passed" testListId="8c84fa94-04c1-424b-9868-57a2d4851a1d" relativeResultsDirectory="86749b31-466b-4d9b-9889-d2da5773943b">
      <Output>
        <DebugTrace>E, 10792, 13, 2014/06/23, 10:36:14.597, 6103260461, QTAgent32.exe, LoadLibrary() : Unable to find the resource 37382 from assembly C:\WINDOWS\system32\en-US\ieframe.dll.mui: Error1814
E, 10792, 13, 2014/06/23, 10:36:14.600, 6103265702, QTAgent32.exe, LoadLibrary() : Unable to find the resource 41728 from assembly C:\WINDOWS\system32\en-US\ieframe.dll.mui: Error1814
E, 10792, 13, 2014/06/23, 10:36:14.601, 6103268298, QTAgent32.exe, LoadLibrary() : Unable to find the resource 8131 from assembly C:\WINDOWS\system32\en-US\ieframe.dll.mui: Error1814
E, 10792, 13, 2014/06/23, 10:36:14.603, 6103270645, QTAgent32.exe, LoadLibrary() : Unable to find the resource 8131 from assembly C:\WINDOWS\system32\en-US\ieframe.dll.mui: Error1814
E, 10792, 13, 2014/06/23, 10:36:14.604, 6103273691, QTAgent32.exe, LoadLibrary() : Unable to find the resource 8131 from assembly C:\WINDOWS\system32\en-US\ieframe.dll.mui: Error1814
E, 10792, 13, 2014/06/23, 10:36:14.606, 6103277028, QTAgent32.exe, LoadLibrary() : Unable to find the resource 803 from assembly C:\WINDOWS\system32\en-US\user32.dll.mui: Error1814
W, 10792, 13, 2014/06/23, 10:36:15.591, 6105003495, QTAgent32.exe, &lt;a class=success&gt;Playback - {1} [SUCCESS] SetValueAsEditBox "hello" - "[MSAA, VisibleOnly]ControlType='Edit'"  &lt; Set via SendKeys &gt;
\0&lt;/a&gt;
W, 10792, 13, 2014/06/23, 10:36:16.524, 6106639219, QTAgent32.exe, &lt;a class=success&gt;Playback - {2} [SUCCESS] MouseButtonClick - "[MSAA, VisibleOnly]ControlType='Button' &amp;&amp; Name='button1010'"
\0&lt;/a&gt;
W, 10792, 13, 2014/06/23, 10:36:17.549, 6108437766, QTAgent32.exe, &lt;a class=success&gt;Playback - {3} [SUCCESS] MouseButtonClick - "[MSAA, VisibleOnly]ControlType='Edit'"
\0&lt;/a&gt;
W, 10792, 13, 2014/06/23, 10:36:18.822, 6110670455, QTAgent32.exe, &lt;a class=success&gt;Playback - {4} [SUCCESS] SetValueAsEditBox "Second" - "[MSAA, VisibleOnly]ControlType='Edit'"  &lt; Set via SendKeys &gt;
\0&lt;/a&gt;
W, 10792, 13, 2014/06/23, 10:36:18.977, 6110941513, QTAgent32.exe, IEDOM : StopSession of the plugin called before StartSession
W, 10792, 13, 2014/06/23, 10:36:18.980, 6110947166, QTAgent32.exe, UIA : StopSession of the plugin called before StartSession
</DebugTrace>
      </Output>
    </UnitTestResult>
  </Results>
</TestRun>